EDA Netlist Writer report for lab8
Tue Jan 04 15:45:09 2022
Quartus Prime Version 18.1.0 Build 625 09/12/2018 SJ Standard Edition


---------------------
; Table of Contents ;
---------------------
  1. Legal Notice
  2. EDA Netlist Writer Summary
  3. Simulation Settings
  4. Simulation Generated Files
  5. EDA Netlist Writer Messages



----------------
; Legal Notice ;
----------------
Copyright (C) 2018  Intel Corporation. All rights reserved.
Your use of Intel Corporation's design tools, logic functions 
and other software and tools, and its AMPP partner logic 
functions, and any output files from any of the foregoing 
(including device programming or simulation files), and any 
associated documentation or information are expressly subject 
to the terms and conditions of the Intel Program License 
Subscription Agreement, the Intel Quartus Prime License Agreement,
the Intel FPGA IP License Agreement, or other applicable license
agreement, including, without limitation, that your use is for
the sole purpose of programming logic devices manufactured by
Intel and sold by Intel or its authorized distributors.  Please
refer to the applicable agreement for further details.



+-------------------------------------------------------------------+
; EDA Netlist Writer Summary                                        ;
+---------------------------+---------------------------------------+
; EDA Netlist Writer Status ; Successful - Tue Jan 04 15:45:09 2022 ;
; Revision Name             ; lab8                                  ;
; Top-level Entity Name     ; lab8                                  ;
; Family                    ; Cyclone IV E                          ;
; Simulation Files Creation ; Successful                            ;
+---------------------------+---------------------------------------+


+-------------------------------------------------------------------------------------------------------------------------------------+
; Simulation Settings                                                                                                                 ;
+---------------------------------------------------------------------------------------------------+---------------------------------+
; Option                                                                                            ; Setting                         ;
+---------------------------------------------------------------------------------------------------+---------------------------------+
; Tool Name                                                                                         ; ModelSim-Altera (SystemVerilog) ;
; Generate functional simulation netlist                                                            ; Off                             ;
; Time scale                                                                                        ; 10 ps                           ;
; Truncate long hierarchy paths                                                                     ; Off                             ;
; Map illegal HDL characters                                                                        ; Off                             ;
; Flatten buses into individual nodes                                                               ; Off                             ;
; Maintain hierarchy                                                                                ; Off                             ;
; Bring out device-wide set/reset signals as ports                                                  ; Off                             ;
; Enable glitch filtering                                                                           ; Off                             ;
; Do not write top level VHDL entity                                                                ; Off                             ;
; Disable detection of setup and hold time violations in the input registers of bi-directional pins ; Off                             ;
; Architecture name in VHDL output netlist                                                          ; structure                       ;
; Generate third-party EDA tool command script for RTL functional simulation                        ; Off                             ;
; Generate third-party EDA tool command script for gate-level simulation                            ; Off                             ;
+---------------------------------------------------------------------------------------------------+---------------------------------+


+---------------------------------------------------------------------+
; Simulation Generated Files                                          ;
+---------------------------------------------------------------------+
; Generated Files                                                     ;
+---------------------------------------------------------------------+
; G:/intelFPGA/lab8/simulation/modelsim/lab8_7_1200mv_85c_slow.svo    ;
; G:/intelFPGA/lab8/simulation/modelsim/lab8_7_1200mv_0c_slow.svo     ;
; G:/intelFPGA/lab8/simulation/modelsim/lab8_min_1200mv_0c_fast.svo   ;
; G:/intelFPGA/lab8/simulation/modelsim/lab8.svo                      ;
; G:/intelFPGA/lab8/simulation/modelsim/lab8_7_1200mv_85c_v_slow.sdo  ;
; G:/intelFPGA/lab8/simulation/modelsim/lab8_7_1200mv_0c_v_slow.sdo   ;
; G:/intelFPGA/lab8/simulation/modelsim/lab8_min_1200mv_0c_v_fast.sdo ;
; G:/intelFPGA/lab8/simulation/modelsim/lab8_v.sdo                    ;
+---------------------------------------------------------------------+


+-----------------------------+
; EDA Netlist Writer Messages ;
+-----------------------------+
Info: *******************************************************************
Info: Running Quartus Prime EDA Netlist Writer
    Info: Version 18.1.0 Build 625 09/12/2018 SJ Standard Edition
    Info: Processing started: Tue Jan 04 15:44:48 2022
Info: Command: quartus_eda --read_settings_files=off --write_settings_files=off lab8 -c lab8
Warning (202000): An incorrect timescale is selected for the Verilog Output (.VO) file of this PLL design. It's required that the timescale should be 1 ps when simulating a PLL design in a third party EDA tool.
Info (204019): Generated file lab8_7_1200mv_85c_slow.svo in folder "G:/intelFPGA/lab8/simulation/modelsim/" for EDA simulation tool
Warning (202000): An incorrect timescale is selected for the Verilog Output (.VO) file of this PLL design. It's required that the timescale should be 1 ps when simulating a PLL design in a third party EDA tool.
Info (204019): Generated file lab8_7_1200mv_0c_slow.svo in folder "G:/intelFPGA/lab8/simulation/modelsim/" for EDA simulation tool
Warning (202000): An incorrect timescale is selected for the Verilog Output (.VO) file of this PLL design. It's required that the timescale should be 1 ps when simulating a PLL design in a third party EDA tool.
Info (204019): Generated file lab8_min_1200mv_0c_fast.svo in folder "G:/intelFPGA/lab8/simulation/modelsim/" for EDA simulation tool
Warning (202000): An incorrect timescale is selected for the Verilog Output (.VO) file of this PLL design. It's required that the timescale should be 1 ps when simulating a PLL design in a third party EDA tool.
Info (204019): Generated file lab8.svo in folder "G:/intelFPGA/lab8/simulation/modelsim/" for EDA simulation tool
Info (204019): Generated file lab8_7_1200mv_85c_v_slow.sdo in folder "G:/intelFPGA/lab8/simulation/modelsim/" for EDA simulation tool
Info (204019): Generated file lab8_7_1200mv_0c_v_slow.sdo in folder "G:/intelFPGA/lab8/simulation/modelsim/" for EDA simulation tool
Info (204019): Generated file lab8_min_1200mv_0c_v_fast.sdo in folder "G:/intelFPGA/lab8/simulation/modelsim/" for EDA simulation tool
Info (204019): Generated file lab8_v.sdo in folder "G:/intelFPGA/lab8/simulation/modelsim/" for EDA simulation tool
Info: Quartus Prime EDA Netlist Writer was successful. 0 errors, 4 warnings
    Info: Peak virtual memory: 4862 megabytes
    Info: Processing ended: Tue Jan 04 15:45:09 2022
    Info: Elapsed time: 00:00:21
    Info: Total CPU time (on all processors): 00:00:21


